# JRE version: Java(TM) SE Runtime Environment (17.0.9+11) (build 17.0.9+11-LTS-201)
# Java VM: Java HotSpot(TM) 64-Bit Server VM (17.0.9+11-LTS-201, mixed mode, sharing, tiered, compressed oops, compressed class ptrs, g1 gc, windows-amd64)
GC Precious Log:
 CPUs: 8 total, 8 available
 Memory: 5877M
 Large Page Support: Disabled
 NUMA Support: Disabled
 Compressed Oops: Enabled (32-bit)
 Heap Region Size: 1M
 Heap Min Capacity: 8M
 Heap Initial Capacity: 92M
 Heap Max Capacity: 1470M
 Pre-touch: Disabled
 Parallel Workers: 8
 Concurrent Workers: 2
 Concurrent Refinement Workers: 8
 Periodic GC: Disabled
Heap:
 garbage-first heap   total 68608K, used 32942K [0x00000000a4200000, 0x0000000100000000)
  region size 1024K, 1 young (1024K), 1 survivors (1024K)
 Metaspace       used 44676K, committed 44928K, reserved 1114112K
  class space    used 5598K, committed 5696K, reserved 1048576K
GC Heap History (20 events):
Event: 4.999 GC heap after
{Heap after GC invocations=3 (full 0):
 garbage-first heap   total 94208K, used 16687K [0x00000000a4200000, 0x0000000100000000)
  region size 1024K, 6 young (6144K), 6 survivors (6144K)
 Metaspace       used 21256K, committed 21504K, reserved 1114112K
  class space    used 2745K, committed 2880K, reserved 1048576K
}
Event: 7.750 GC heap before
{Heap before GC invocations=4 (full 0):
 garbage-first heap   total 61440K, used 49455K [0x00000000a4200000, 0x0000000100000000)
  region size 1024K, 36 young (36864K), 6 survivors (6144K)
 Metaspace       used 26157K, committed 26432K, reserved 1114112K
  class space    used 3524K, committed 3648K, reserved 1048576K
}
Event: 7.771 GC heap after
{Heap after GC invocations=5 (full 0):
 garbage-first heap   total 61440K, used 23794K [0x00000000a4200000, 0x0000000100000000)
  region size 1024K, 5 young (5120K), 5 survivors (5120K)
 Metaspace       used 26157K, committed 26432K, reserved 1114112K
  class space    used 3524K, committed 3648K, reserved 1048576K
}
Event: 7.813 GC heap before
{Heap before GC invocations=5 (full 0):
 garbage-first heap   total 61440K, used 24818K [0x00000000a4200000, 0x0000000100000000)
  region size 1024K, 6 young (6144K), 5 survivors (5120K)
 Metaspace       used 26379K, committed 26624K, reserved 1114112K
  class space    used 3548K, committed 3648K, reserved 1048576K
}
Event: 7.823 GC heap after
{Heap after GC invocations=6 (full 0):
 garbage-first heap   total 61440K, used 25146K [0x00000000a4200000, 0x0000000100000000)
  region size 1024K, 1 young (1024K), 1 survivors (1024K)
 Metaspace       used 26379K, committed 26624K, reserved 1114112K
  class space    used 3548K, committed 3648K, reserved 1048576K
}
Event: 9.118 GC heap before
{Heap before GC invocations=6 (full 0):
 garbage-first heap   total 61440K, used 45626K [0x00000000a4200000, 0x0000000100000000)
  region size 1024K, 22 young (22528K), 1 survivors (1024K)
 Metaspace       used 30145K, committed 30400K, reserved 1114112K
  class space    used 3924K, committed 4032K, reserved 1048576K
}
Event: 9.124 GC heap after
{Heap after GC invocations=7 (full 0):
 garbage-first heap   total 61440K, used 25109K [0x00000000a4200000, 0x0000000100000000)
  region size 1024K, 3 young (3072K), 3 survivors (3072K)
 Metaspace       used 30145K, committed 30400K, reserved 1114112K
  class space    used 3924K, committed 4032K, reserved 1048576K
}
Event: 10.326 GC heap before
{Heap before GC invocations=7 (full 0):
 garbage-first heap   total 61440K, used 45589K [0x00000000a4200000, 0x0000000100000000)
  region size 1024K, 24 young (24576K), 3 survivors (3072K)
 Metaspace       used 35227K, committed 35456K, reserved 1114112K
  class space    used 4398K, committed 4480K, reserved 1048576K
}
Event: 10.334 GC heap after
{Heap after GC invocations=8 (full 0):
 garbage-first heap   total 61440K, used 27092K [0x00000000a4200000, 0x0000000100000000)
  region size 1024K, 2 young (2048K), 2 survivors (2048K)
 Metaspace       used 35227K, committed 35456K, reserved 1114112K
  class space    used 4398K, committed 4480K, reserved 1048576K
}
Event: 10.602 GC heap before
{Heap before GC invocations=8 (full 0):
 garbage-first heap   total 61440K, used 28116K [0x00000000a4200000, 0x0000000100000000)
  region size 1024K, 4 young (4096K), 2 survivors (2048K)
 Metaspace       used 35740K, committed 35968K, reserved 1114112K
  class space    used 4430K, committed 4544K, reserved 1048576K
}
Event: 10.607 GC heap after
{Heap after GC invocations=9 (full 0):
 garbage-first heap   total 61440K, used 27666K [0x00000000a4200000, 0x0000000100000000)
  region size 1024K, 1 young (1024K), 1 survivors (1024K)
 Metaspace       used 35740K, committed 35968K, reserved 1114112K
  class space    used 4430K, committed 4544K, reserved 1048576K
}
Event: 12.260 GC heap before
{Heap before GC invocations=10 (full 0):
 garbage-first heap   total 61440K, used 46098K [0x00000000a4200000, 0x0000000100000000)
  region size 1024K, 18 young (18432K), 1 survivors (1024K)
 Metaspace       used 39508K, committed 39744K, reserved 1114112K
  class space    used 4896K, committed 4992K, reserved 1048576K
}
Event: 12.266 GC heap after
{Heap after GC invocations=11 (full 0):
 garbage-first heap   total 61440K, used 31546K [0x00000000a4200000, 0x0000000100000000)
  region size 1024K, 3 young (3072K), 3 survivors (3072K)
 Metaspace       used 39508K, committed 39744K, reserved 1114112K
  class space    used 4896K, committed 4992K, reserved 1048576K
}
Event: 12.541 GC heap before
{Heap before GC invocations=11 (full 0):
 garbage-first heap   total 61440K, used 32570K [0x00000000a4200000, 0x0000000100000000)
  region size 1024K, 4 young (4096K), 3 survivors (3072K)
 Metaspace       used 39865K, committed 40128K, reserved 1114112K
  class space    used 4939K, committed 5056K, reserved 1048576K
}
Event: 12.548 GC heap after
{Heap after GC invocations=12 (full 0):
 garbage-first heap   total 61440K, used 31233K [0x00000000a4200000, 0x0000000100000000)
  region size 1024K, 1 young (1024K), 1 survivors (1024K)
 Metaspace       used 39865K, committed 40128K, reserved 1114112K
  class space    used 4939K, committed 5056K, reserved 1048576K
}
Event: 14.120 GC heap before
{Heap before GC invocations=12 (full 0):
 garbage-first heap   total 61440K, used 46593K [0x00000000a4200000, 0x0000000100000000)
  region size 1024K, 16 young (16384K), 1 survivors (1024K)
 Metaspace       used 44327K, committed 44544K, reserved 1114112K
  class space    used 5553K, committed 5632K, reserved 1048576K
}
Event: 14.125 GC heap after
{Heap after GC invocations=13 (full 0):
 garbage-first heap   total 61440K, used 32226K [0x00000000a4200000, 0x0000000100000000)
  region size 1024K, 2 young (2048K), 2 survivors (2048K)
 Metaspace       used 44327K, committed 44544K, reserved 1114112K
  class space    used 5553K, committed 5632K, reserved 1048576K
}
Event: 14.383 GC heap before
{Heap before GC invocations=14 (full 0):
 garbage-first heap   total 61440K, used 48610K [0x00000000a4200000, 0x0000000100000000)
  region size 1024K, 17 young (17408K), 2 survivors (2048K)
 Metaspace       used 44671K, committed 44928K, reserved 1114112K
  class space    used 5598K, committed 5696K, reserved 1048576K
}
Event: 14.387 GC heap after
{Heap after GC invocations=15 (full 0):
 garbage-first heap   total 61440K, used 33042K [0x00000000a4200000, 0x0000000100000000)
  region size 1024K, 3 young (3072K), 3 survivors (3072K)
 Metaspace       used 44671K, committed 44928K, reserved 1114112K
  class space    used 5598K, committed 5696K, reserved 1048576K
}
Event: 14.394 GC heap before
{Heap before GC invocations=15 (full 0):
 garbage-first heap   total 61440K, used 34066K [0x00000000a4200000, 0x0000000100000000)
  region size 1024K, 4 young (4096K), 3 survivors (3072K)
 Metaspace       used 44676K, committed 44928K, reserved 1114112K
  class space    used 5598K, committed 5696K, reserved 1048576K
}

