# JRE version: Java(TM) SE Runtime Environment (17.0.9+11) (build 17.0.9+11-LTS-201)
# Java VM: Java HotSpot(TM) 64-Bit Server VM (17.0.9+11-LTS-201, mixed mode, sharing, tiered, compressed oops, compressed class ptrs, g1 gc, windows-amd64)
GC Precious Log:
 CPUs: 8 total, 8 available
 Memory: 5877M
 Large Page Support: Disabled
 NUMA Support: Disabled
 Compressed Oops: Enabled (32-bit)
 Heap Region Size: 1M
 Heap Min Capacity: 8M
 Heap Initial Capacity: 92M
 Heap Max Capacity: 2G
 Pre-touch: Disabled
 Parallel Workers: 8
 Concurrent Workers: 2
 Concurrent Refinement Workers: 8
 Periodic GC: Disabled
Heap:
 garbage-first heap   total 251904K, used 128835K [0x0000000080000000, 0x0000000100000000)
  region size 1024K, 47 young (48128K), 9 survivors (9216K)
 Metaspace       used 77428K, committed 78208K, reserved 557056K
  class space    used 10791K, committed 11136K, reserved 425984K
GC Heap History (20 events):
Event: 49.529 GC heap before
{Heap before GC invocations=27 (full 0):
 garbage-first heap   total 121856K, used 95243K [0x0000000080000000, 0x0000000100000000)
  region size 1024K, 36 young (36864K), 5 survivors (5120K)
 Metaspace       used 60826K, committed 61504K, reserved 491520K
  class space    used 8588K, committed 8896K, reserved 425984K
}
Event: 49.534 GC heap after
{Heap after GC invocations=28 (full 0):
 garbage-first heap   total 121856K, used 66069K [0x0000000080000000, 0x0000000100000000)
  region size 1024K, 3 young (3072K), 3 survivors (3072K)
 Metaspace       used 60826K, committed 61504K, reserved 491520K
  class space    used 8588K, committed 8896K, reserved 425984K
}
Event: 50.518 GC heap before
{Heap before GC invocations=29 (full 0):
 garbage-first heap   total 121856K, used 96789K [0x0000000080000000, 0x0000000100000000)
  region size 1024K, 33 young (33792K), 3 survivors (3072K)
 Metaspace       used 62836K, committed 63552K, reserved 491520K
  class space    used 8874K, committed 9216K, reserved 425984K
}
Event: 50.522 GC heap after
{Heap after GC invocations=30 (full 0):
 garbage-first heap   total 121856K, used 68608K [0x0000000080000000, 0x0000000100000000)
  region size 1024K, 5 young (5120K), 5 survivors (5120K)
 Metaspace       used 62836K, committed 63552K, reserved 491520K
  class space    used 8874K, committed 9216K, reserved 425984K
}
Event: 50.544 GC heap before
{Heap before GC invocations=30 (full 0):
 garbage-first heap   total 121856K, used 69632K [0x0000000080000000, 0x0000000100000000)
  region size 1024K, 6 young (6144K), 5 survivors (5120K)
 Metaspace       used 62880K, committed 63616K, reserved 491520K
  class space    used 8882K, committed 9216K, reserved 425984K
}
Event: 50.548 GC heap after
{Heap after GC invocations=31 (full 0):
 garbage-first heap   total 121856K, used 68540K [0x0000000080000000, 0x0000000100000000)
  region size 1024K, 1 young (1024K), 1 survivors (1024K)
 Metaspace       used 62880K, committed 63616K, reserved 491520K
  class space    used 8882K, committed 9216K, reserved 425984K
}
Event: 52.229 GC heap before
{Heap before GC invocations=31 (full 0):
 garbage-first heap   total 121856K, used 97212K [0x0000000080000000, 0x0000000100000000)
  region size 1024K, 30 young (30720K), 1 survivors (1024K)
 Metaspace       used 64832K, committed 65536K, reserved 491520K
  class space    used 9218K, committed 9536K, reserved 425984K
}
Event: 52.235 GC heap after
{Heap after GC invocations=32 (full 0):
 garbage-first heap   total 121856K, used 70296K [0x0000000080000000, 0x0000000100000000)
  region size 1024K, 3 young (3072K), 3 survivors (3072K)
 Metaspace       used 64832K, committed 65536K, reserved 491520K
  class space    used 9218K, committed 9536K, reserved 425984K
}
Event: 54.617 GC heap before
{Heap before GC invocations=33 (full 0):
 garbage-first heap   total 122880K, used 103064K [0x0000000080000000, 0x0000000100000000)
  region size 1024K, 31 young (31744K), 3 survivors (3072K)
 Metaspace       used 65755K, committed 66496K, reserved 491520K
  class space    used 9326K, committed 9664K, reserved 425984K
}
Event: 54.625 GC heap after
{Heap after GC invocations=34 (full 0):
 garbage-first heap   total 122880K, used 81739K [0x0000000080000000, 0x0000000100000000)
  region size 1024K, 4 young (4096K), 4 survivors (4096K)
 Metaspace       used 65755K, committed 66496K, reserved 491520K
  class space    used 9326K, committed 9664K, reserved 425984K
}
Event: 54.694 GC heap before
{Heap before GC invocations=34 (full 0):
 garbage-first heap   total 122880K, used 82763K [0x0000000080000000, 0x0000000100000000)
  region size 1024K, 6 young (6144K), 4 survivors (4096K)
 Metaspace       used 65838K, committed 66560K, reserved 491520K
  class space    used 9336K, committed 9664K, reserved 425984K
}
Event: 54.700 GC heap after
{Heap after GC invocations=35 (full 0):
 garbage-first heap   total 122880K, used 81837K [0x0000000080000000, 0x0000000100000000)
  region size 1024K, 1 young (1024K), 1 survivors (1024K)
 Metaspace       used 65838K, committed 66560K, reserved 491520K
  class space    used 9336K, committed 9664K, reserved 425984K
}
Event: 55.593 GC heap before
{Heap before GC invocations=35 (full 0):
 garbage-first heap   total 122880K, used 99245K [0x0000000080000000, 0x0000000100000000)
  region size 1024K, 18 young (18432K), 1 survivors (1024K)
 Metaspace       used 67204K, committed 67968K, reserved 491520K
  class space    used 9509K, committed 9856K, reserved 425984K
}
Event: 55.595 GC heap after
{Heap after GC invocations=36 (full 0):
 garbage-first heap   total 122880K, used 82340K [0x0000000080000000, 0x0000000100000000)
  region size 1024K, 2 young (2048K), 2 survivors (2048K)
 Metaspace       used 67204K, committed 67968K, reserved 491520K
  class space    used 9509K, committed 9856K, reserved 425984K
}
Event: 56.913 GC heap before
{Heap before GC invocations=37 (full 0):
 garbage-first heap   total 142336K, used 99748K [0x0000000080000000, 0x0000000100000000)
  region size 1024K, 20 young (20480K), 2 survivors (2048K)
 Metaspace       used 68879K, committed 69632K, reserved 491520K
  class space    used 9687K, committed 10048K, reserved 425984K
}
Event: 56.959 GC heap after
{Heap after GC invocations=38 (full 0):
 garbage-first heap   total 142336K, used 82589K [0x0000000080000000, 0x0000000100000000)
  region size 1024K, 2 young (2048K), 2 survivors (2048K)
 Metaspace       used 68879K, committed 69632K, reserved 491520K
  class space    used 9687K, committed 10048K, reserved 425984K
}
Event: 57.207 GC heap before
{Heap before GC invocations=38 (full 0):
 garbage-first heap   total 142336K, used 86685K [0x0000000080000000, 0x0000000100000000)
  region size 1024K, 6 young (6144K), 2 survivors (2048K)
 Metaspace       used 69105K, committed 69824K, reserved 491520K
  class space    used 9715K, committed 10048K, reserved 425984K
}
Event: 57.240 GC heap after
{Heap after GC invocations=39 (full 0):
 garbage-first heap   total 251904K, used 82473K [0x0000000080000000, 0x0000000100000000)
  region size 1024K, 1 young (1024K), 1 survivors (1024K)
 Metaspace       used 69105K, committed 69824K, reserved 491520K
  class space    used 9715K, committed 10048K, reserved 425984K
}
Event: 60.936 GC heap before
{Heap before GC invocations=39 (full 0):
 garbage-first heap   total 251904K, used 204329K [0x0000000080000000, 0x0000000100000000)
  region size 1024K, 115 young (117760K), 1 survivors (1024K)
 Metaspace       used 77114K, committed 77824K, reserved 557056K
  class space    used 10751K, committed 11072K, reserved 425984K
}
Event: 60.955 GC heap after
{Heap after GC invocations=40 (full 0):
 garbage-first heap   total 251904K, used 90947K [0x0000000080000000, 0x0000000100000000)
  region size 1024K, 9 young (9216K), 9 survivors (9216K)
 Metaspace       used 77114K, committed 77824K, reserved 557056K
  class space    used 10751K, committed 11072K, reserved 425984K
}

