# JRE version: Java(TM) SE Runtime Environment (17.0.9+11) (build 17.0.9+11-LTS-201)
# Java VM: Java HotSpot(TM) 64-Bit Server VM (17.0.9+11-LTS-201, mixed mode, sharing, tiered, compressed oops, compressed class ptrs, g1 gc, windows-amd64)
GC Precious Log:
 CPUs: 8 total, 8 available
 Memory: 5877M
 Large Page Support: Disabled
 NUMA Support: Disabled
 Compressed Oops: Enabled (32-bit)
 Heap Region Size: 1M
 Heap Min Capacity: 8M
 Heap Initial Capacity: 92M
 Heap Max Capacity: 2G
 Pre-touch: Disabled
 Parallel Workers: 8
 Concurrent Workers: 2
 Concurrent Refinement Workers: 8
 Periodic GC: Disabled
Heap:
 garbage-first heap   total 250880K, used 204701K [0x0000000080000000, 0x0000000100000000)
  region size 1024K, 60 young (61440K), 9 survivors (9216K)
 Metaspace       used 95467K, committed 96448K, reserved 557056K
  class space    used 13454K, committed 13888K, reserved 425984K
GC Heap History (20 events):
Event: 53.027 GC heap before
{Heap before GC invocations=42 (full 0):
 garbage-first heap   total 122880K, used 98244K [0x0000000080000000, 0x0000000100000000)
  region size 1024K, 16 young (16384K), 2 survivors (2048K)
 Metaspace       used 70836K, committed 71552K, reserved 491520K
  class space    used 9902K, committed 10240K, reserved 425984K
}
Event: 53.030 GC heap after
{Heap after GC invocations=43 (full 0):
 garbage-first heap   total 122880K, used 87377K [0x0000000080000000, 0x0000000100000000)
  region size 1024K, 3 young (3072K), 3 survivors (3072K)
 Metaspace       used 70836K, committed 71552K, reserved 491520K
  class space    used 9902K, committed 10240K, reserved 425984K
}
Event: 53.337 GC heap before
{Heap before GC invocations=44 (full 0):
 garbage-first heap   total 160768K, used 104785K [0x0000000080000000, 0x0000000100000000)
  region size 1024K, 17 young (17408K), 3 survivors (3072K)
 Metaspace       used 71125K, committed 71808K, reserved 491520K
  class space    used 9968K, committed 10304K, reserved 425984K
}
Event: 53.341 GC heap after
{Heap after GC invocations=45 (full 0):
 garbage-first heap   total 160768K, used 86751K [0x0000000080000000, 0x0000000100000000)
  region size 1024K, 2 young (2048K), 2 survivors (2048K)
 Metaspace       used 71125K, committed 71808K, reserved 491520K
  class space    used 9968K, committed 10304K, reserved 425984K
}
Event: 53.540 GC heap before
{Heap before GC invocations=45 (full 0):
 garbage-first heap   total 160768K, used 91871K [0x0000000080000000, 0x0000000100000000)
  region size 1024K, 7 young (7168K), 2 survivors (2048K)
 Metaspace       used 71515K, committed 72256K, reserved 491520K
  class space    used 10012K, committed 10368K, reserved 425984K
}
Event: 53.542 GC heap after
{Heap after GC invocations=46 (full 0):
 garbage-first heap   total 160768K, used 86548K [0x0000000080000000, 0x0000000100000000)
  region size 1024K, 1 young (1024K), 1 survivors (1024K)
 Metaspace       used 71515K, committed 72256K, reserved 491520K
  class space    used 10012K, committed 10368K, reserved 425984K
}
Event: 55.371 GC heap before
{Heap before GC invocations=46 (full 0):
 garbage-first heap   total 160768K, used 129556K [0x0000000080000000, 0x0000000100000000)
  region size 1024K, 43 young (44032K), 1 survivors (1024K)
 Metaspace       used 74563K, committed 75264K, reserved 491520K
  class space    used 10386K, committed 10688K, reserved 425984K
}
Event: 55.376 GC heap after
{Heap after GC invocations=47 (full 0):
 garbage-first heap   total 250880K, used 88544K [0x0000000080000000, 0x0000000100000000)
  region size 1024K, 3 young (3072K), 3 survivors (3072K)
 Metaspace       used 74563K, committed 75264K, reserved 491520K
  class space    used 10386K, committed 10688K, reserved 425984K
}
Event: 75.037 GC heap before
{Heap before GC invocations=47 (full 0):
 garbage-first heap   total 250880K, used 198112K [0x0000000080000000, 0x0000000100000000)
  region size 1024K, 110 young (112640K), 3 survivors (3072K)
 Metaspace       used 79447K, committed 80192K, reserved 557056K
  class space    used 11082K, committed 11392K, reserved 425984K
}
Event: 75.124 GC heap after
{Heap after GC invocations=48 (full 0):
 garbage-first heap   total 250880K, used 95047K [0x0000000080000000, 0x0000000100000000)
  region size 1024K, 9 young (9216K), 9 survivors (9216K)
 Metaspace       used 79447K, committed 80192K, reserved 557056K
  class space    used 11082K, committed 11392K, reserved 425984K
}
Event: 77.776 GC heap before
{Heap before GC invocations=48 (full 0):
 garbage-first heap   total 250880K, used 197447K [0x0000000080000000, 0x0000000100000000)
  region size 1024K, 109 young (111616K), 9 survivors (9216K)
 Metaspace       used 85710K, committed 86464K, reserved 557056K
  class space    used 12083K, committed 12416K, reserved 425984K
}
Event: 77.808 GC heap after
{Heap after GC invocations=49 (full 0):
 garbage-first heap   total 250880K, used 101129K [0x0000000080000000, 0x0000000100000000)
  region size 1024K, 13 young (13312K), 13 survivors (13312K)
 Metaspace       used 85710K, committed 86464K, reserved 557056K
  class space    used 12083K, committed 12416K, reserved 425984K
}
Event: 80.027 GC heap before
{Heap before GC invocations=49 (full 0):
 garbage-first heap   total 250880K, used 207625K [0x0000000080000000, 0x0000000100000000)
  region size 1024K, 111 young (113664K), 13 survivors (13312K)
 Metaspace       used 88339K, committed 89216K, reserved 557056K
  class space    used 12496K, committed 12864K, reserved 425984K
}
Event: 80.115 GC heap after
{Heap after GC invocations=50 (full 0):
 garbage-first heap   total 250880K, used 126690K [0x0000000080000000, 0x0000000100000000)
  region size 1024K, 14 young (14336K), 14 survivors (14336K)
 Metaspace       used 88339K, committed 89216K, reserved 557056K
  class space    used 12496K, committed 12864K, reserved 425984K
}
Event: 81.337 GC heap before
{Heap before GC invocations=50 (full 0):
 garbage-first heap   total 250880K, used 199394K [0x0000000080000000, 0x0000000100000000)
  region size 1024K, 85 young (87040K), 14 survivors (14336K)
 Metaspace       used 91792K, committed 92672K, reserved 557056K
  class space    used 12982K, committed 13376K, reserved 425984K
}
Event: 81.382 GC heap after
{Heap after GC invocations=51 (full 0):
 garbage-first heap   total 250880K, used 134168K [0x0000000080000000, 0x0000000100000000)
  region size 1024K, 6 young (6144K), 6 survivors (6144K)
 Metaspace       used 91792K, committed 92672K, reserved 557056K
  class space    used 12982K, committed 13376K, reserved 425984K
}
Event: 82.559 GC heap before
{Heap before GC invocations=51 (full 0):
 garbage-first heap   total 250880K, used 203800K [0x0000000080000000, 0x0000000100000000)
  region size 1024K, 74 young (75776K), 6 survivors (6144K)
 Metaspace       used 94792K, committed 95744K, reserved 557056K
  class space    used 13390K, committed 13824K, reserved 425984K
}
Event: 82.568 GC heap after
{Heap after GC invocations=52 (full 0):
 garbage-first heap   total 250880K, used 140110K [0x0000000080000000, 0x0000000100000000)
  region size 1024K, 6 young (6144K), 6 survivors (6144K)
 Metaspace       used 94792K, committed 95744K, reserved 557056K
  class space    used 13390K, committed 13824K, reserved 425984K
}
Event: 83.105 GC heap before
{Heap before GC invocations=52 (full 0):
 garbage-first heap   total 250880K, used 206670K [0x0000000080000000, 0x0000000100000000)
  region size 1024K, 71 young (72704K), 6 survivors (6144K)
 Metaspace       used 95047K, committed 95936K, reserved 557056K
  class space    used 13414K, committed 13824K, reserved 425984K
}
Event: 83.115 GC heap after
{Heap after GC invocations=53 (full 0):
 garbage-first heap   total 250880K, used 151453K [0x0000000080000000, 0x0000000100000000)
  region size 1024K, 9 young (9216K), 9 survivors (9216K)
 Metaspace       used 95047K, committed 95936K, reserved 557056K
  class space    used 13414K, committed 13824K, reserved 425984K
}

