# JRE version: Java(TM) SE Runtime Environment (17.0.9+11) (build 17.0.9+11-LTS-201)
# Java VM: Java HotSpot(TM) 64-Bit Server VM (17.0.9+11-LTS-201, mixed mode, sharing, tiered, compressed oops, compressed class ptrs, g1 gc, windows-amd64)
GC Precious Log:
 CPUs: 8 total, 8 available
 Memory: 5877M
 Large Page Support: Disabled
 NUMA Support: Disabled
 Compressed Oops: Enabled (32-bit)
 Heap Region Size: 1M
 Heap Min Capacity: 8M
 Heap Initial Capacity: 92M
 Heap Max Capacity: 1470M
 Pre-touch: Disabled
 Parallel Workers: 8
 Concurrent Workers: 2
 Concurrent Refinement Workers: 8
 Periodic GC: Disabled
Heap:
 garbage-first heap   total 71680K, used 48374K [0x00000000a4200000, 0x0000000100000000)
  region size 1024K, 9 young (9216K), 1 survivors (1024K)
 Metaspace       used 43168K, committed 43392K, reserved 1114112K
  class space    used 5240K, committed 5312K, reserved 1048576K
GC Heap History (20 events):
Event: 4.967 GC heap before
{Heap before GC invocations=2 (full 0):
 garbage-first heap   total 94208K, used 40040K [0x00000000a4200000, 0x0000000100000000)
  region size 1024K, 30 young (30720K), 4 survivors (4096K)
 Metaspace       used 21265K, committed 21504K, reserved 1114112K
  class space    used 2734K, committed 2816K, reserved 1048576K
}
Event: 4.978 GC heap after
{Heap after GC invocations=3 (full 0):
 garbage-first heap   total 94208K, used 16688K [0x00000000a4200000, 0x0000000100000000)
  region size 1024K, 6 young (6144K), 6 survivors (6144K)
 Metaspace       used 21265K, committed 21504K, reserved 1114112K
  class space    used 2734K, committed 2816K, reserved 1048576K
}
Event: 8.002 GC heap before
{Heap before GC invocations=4 (full 0):
 garbage-first heap   total 61440K, used 49456K [0x00000000a4200000, 0x0000000100000000)
  region size 1024K, 36 young (36864K), 6 survivors (6144K)
 Metaspace       used 25959K, committed 26176K, reserved 1114112K
  class space    used 3464K, committed 3584K, reserved 1048576K
}
Event: 8.024 GC heap after
{Heap after GC invocations=5 (full 0):
 garbage-first heap   total 61440K, used 24105K [0x00000000a4200000, 0x0000000100000000)
  region size 1024K, 5 young (5120K), 5 survivors (5120K)
 Metaspace       used 25959K, committed 26176K, reserved 1114112K
  class space    used 3464K, committed 3584K, reserved 1048576K
}
Event: 8.070 GC heap before
{Heap before GC invocations=5 (full 0):
 garbage-first heap   total 61440K, used 24105K [0x00000000a4200000, 0x0000000100000000)
  region size 1024K, 6 young (6144K), 5 survivors (5120K)
 Metaspace       used 26172K, committed 26368K, reserved 1114112K
  class space    used 3486K, committed 3584K, reserved 1048576K
}
Event: 8.079 GC heap after
{Heap after GC invocations=6 (full 0):
 garbage-first heap   total 61440K, used 25459K [0x00000000a4200000, 0x0000000100000000)
  region size 1024K, 1 young (1024K), 1 survivors (1024K)
 Metaspace       used 26172K, committed 26368K, reserved 1114112K
  class space    used 3486K, committed 3584K, reserved 1048576K
}
Event: 9.098 GC heap before
{Heap before GC invocations=6 (full 0):
 garbage-first heap   total 61440K, used 45939K [0x00000000a4200000, 0x0000000100000000)
  region size 1024K, 22 young (22528K), 1 survivors (1024K)
 Metaspace       used 30121K, committed 30336K, reserved 1114112K
  class space    used 3901K, committed 3968K, reserved 1048576K
}
Event: 9.105 GC heap after
{Heap after GC invocations=7 (full 0):
 garbage-first heap   total 61440K, used 25393K [0x00000000a4200000, 0x0000000100000000)
  region size 1024K, 3 young (3072K), 3 survivors (3072K)
 Metaspace       used 30121K, committed 30336K, reserved 1114112K
  class space    used 3901K, committed 3968K, reserved 1048576K
}
Event: 10.171 GC heap before
{Heap before GC invocations=7 (full 0):
 garbage-first heap   total 61440K, used 45873K [0x00000000a4200000, 0x0000000100000000)
  region size 1024K, 24 young (24576K), 3 survivors (3072K)
 Metaspace       used 34777K, committed 35008K, reserved 1114112K
  class space    used 4330K, committed 4416K, reserved 1048576K
}
Event: 10.181 GC heap after
{Heap after GC invocations=8 (full 0):
 garbage-first heap   total 61440K, used 27467K [0x00000000a4200000, 0x0000000100000000)
  region size 1024K, 2 young (2048K), 2 survivors (2048K)
 Metaspace       used 34777K, committed 35008K, reserved 1114112K
  class space    used 4330K, committed 4416K, reserved 1048576K
}
Event: 10.506 GC heap before
{Heap before GC invocations=8 (full 0):
 garbage-first heap   total 61440K, used 29515K [0x00000000a4200000, 0x0000000100000000)
  region size 1024K, 5 young (5120K), 2 survivors (2048K)
 Metaspace       used 35708K, committed 35968K, reserved 1114112K
  class space    used 4420K, committed 4544K, reserved 1048576K
}
Event: 10.510 GC heap after
{Heap after GC invocations=9 (full 0):
 garbage-first heap   total 61440K, used 28119K [0x00000000a4200000, 0x0000000100000000)
  region size 1024K, 1 young (1024K), 1 survivors (1024K)
 Metaspace       used 35708K, committed 35968K, reserved 1114112K
  class space    used 4420K, committed 4544K, reserved 1048576K
}
Event: 11.643 GC heap before
{Heap before GC invocations=10 (full 0):
 garbage-first heap   total 61440K, used 45527K [0x00000000a4200000, 0x0000000100000000)
  region size 1024K, 19 young (19456K), 1 survivors (1024K)
 Metaspace       used 38911K, committed 39104K, reserved 1114112K
  class space    used 4797K, committed 4864K, reserved 1048576K
}
Event: 11.652 GC heap after
{Heap after GC invocations=11 (full 0):
 garbage-first heap   total 61440K, used 30720K [0x00000000a4200000, 0x0000000100000000)
  region size 1024K, 3 young (3072K), 3 survivors (3072K)
 Metaspace       used 38911K, committed 39104K, reserved 1114112K
  class space    used 4797K, committed 4864K, reserved 1048576K
}
Event: 13.411 GC heap before
{Heap before GC invocations=11 (full 0):
 garbage-first heap   total 61440K, used 47104K [0x00000000a4200000, 0x0000000100000000)
  region size 1024K, 18 young (18432K), 3 survivors (3072K)
 Metaspace       used 41120K, committed 41408K, reserved 1114112K
  class space    used 5012K, committed 5120K, reserved 1048576K
}
Event: 13.422 GC heap after
{Heap after GC invocations=12 (full 0):
 garbage-first heap   total 61440K, used 36027K [0x00000000a4200000, 0x0000000100000000)
  region size 1024K, 3 young (3072K), 3 survivors (3072K)
 Metaspace       used 41120K, committed 41408K, reserved 1114112K
  class space    used 5012K, committed 5120K, reserved 1048576K
}
Event: 13.602 GC heap before
{Heap before GC invocations=13 (full 0):
 garbage-first heap   total 65536K, used 48315K [0x00000000a4200000, 0x0000000100000000)
  region size 1024K, 15 young (15360K), 3 survivors (3072K)
 Metaspace       used 41182K, committed 41472K, reserved 1114112K
  class space    used 5012K, committed 5120K, reserved 1048576K
}
Event: 13.612 GC heap after
{Heap after GC invocations=14 (full 0):
 garbage-first heap   total 65536K, used 39883K [0x00000000a4200000, 0x0000000100000000)
  region size 1024K, 2 young (2048K), 2 survivors (2048K)
 Metaspace       used 41182K, committed 41472K, reserved 1114112K
  class space    used 5012K, committed 5120K, reserved 1048576K
}
Event: 13.887 GC heap before
{Heap before GC invocations=14 (full 0):
 garbage-first heap   total 65536K, used 51147K [0x00000000a4200000, 0x0000000100000000)
  region size 1024K, 13 young (13312K), 2 survivors (2048K)
 Metaspace       used 41379K, committed 41664K, reserved 1114112K
  class space    used 5023K, committed 5120K, reserved 1048576K
}
Event: 13.893 GC heap after
{Heap after GC invocations=15 (full 0):
 garbage-first heap   total 65536K, used 41206K [0x00000000a4200000, 0x0000000100000000)
  region size 1024K, 1 young (1024K), 1 survivors (1024K)
 Metaspace       used 41379K, committed 41664K, reserved 1114112K
  class space    used 5023K, committed 5120K, reserved 1048576K
}

