# JRE version: Java(TM) SE Runtime Environment (17.0.9+11) (build 17.0.9+11-LTS-201)
# Java VM: Java HotSpot(TM) 64-Bit Server VM (17.0.9+11-LTS-201, mixed mode, sharing, tiered, compressed oops, compressed class ptrs, g1 gc, windows-amd64)
GC Precious Log:
 CPUs: 8 total, 8 available
 Memory: 5877M
 Large Page Support: Disabled
 NUMA Support: Disabled
 Compressed Oops: Enabled (32-bit)
 Heap Region Size: 1M
 Heap Min Capacity: 8M
 Heap Initial Capacity: 92M
 Heap Max Capacity: 2G
 Pre-touch: Disabled
 Parallel Workers: 8
 Concurrent Workers: 2
 Concurrent Refinement Workers: 8
 Periodic GC: Disabled
Heap:
 garbage-first heap   total 465920K, used 197605K [0x0000000080000000, 0x0000000100000000)
  region size 1024K, 5 young (5120K), 5 survivors (5120K)
 Metaspace       used 99520K, committed 101120K, reserved 557056K
  class space    used 13985K, committed 14720K, reserved 425984K
GC Heap History (20 events):
Event: 86.989 GC heap after
{Heap after GC invocations=47 (full 0):
 garbage-first heap   total 178176K, used 96526K [0x0000000080000000, 0x0000000100000000)
  region size 1024K, 1 young (1024K), 1 survivors (1024K)
 Metaspace       used 77678K, committed 78464K, reserved 557056K
  class space    used 10820K, committed 11200K, reserved 425984K
}
Event: 87.646 GC heap before
{Heap before GC invocations=47 (full 0):
 garbage-first heap   total 178176K, used 135438K [0x0000000080000000, 0x0000000100000000)
  region size 1024K, 40 young (40960K), 1 survivors (1024K)
 Metaspace       used 80200K, committed 80960K, reserved 557056K
  class space    used 11184K, committed 11520K, reserved 425984K
}
Event: 87.651 GC heap after
{Heap after GC invocations=48 (full 0):
 garbage-first heap   total 465920K, used 97933K [0x0000000080000000, 0x0000000100000000)
  region size 1024K, 3 young (3072K), 3 survivors (3072K)
 Metaspace       used 80200K, committed 80960K, reserved 557056K
  class space    used 11184K, committed 11520K, reserved 425984K
}
Event: 91.460 GC heap before
{Heap before GC invocations=49 (full 0):
 garbage-first heap   total 355328K, used 298637K [0x0000000080000000, 0x0000000100000000)
  region size 1024K, 199 young (203776K), 3 survivors (3072K)
 Metaspace       used 89390K, committed 90432K, reserved 557056K
  class space    used 12661K, committed 13184K, reserved 425984K
}
Event: 91.477 GC heap after
{Heap after GC invocations=50 (full 0):
 garbage-first heap   total 355328K, used 117997K [0x0000000080000000, 0x0000000100000000)
  region size 1024K, 22 young (22528K), 22 survivors (22528K)
 Metaspace       used 89390K, committed 90432K, reserved 557056K
  class space    used 12661K, committed 13184K, reserved 425984K
}
Event: 91.499 GC heap before
{Heap before GC invocations=50 (full 0):
 garbage-first heap   total 355328K, used 117997K [0x0000000080000000, 0x0000000100000000)
  region size 1024K, 23 young (23552K), 22 survivors (22528K)
 Metaspace       used 89401K, committed 90496K, reserved 557056K
  class space    used 12661K, committed 13184K, reserved 425984K
}
Event: 91.568 GC heap after
{Heap after GC invocations=51 (full 0):
 garbage-first heap   total 355328K, used 120371K [0x0000000080000000, 0x0000000100000000)
  region size 1024K, 3 young (3072K), 3 survivors (3072K)
 Metaspace       used 89401K, committed 90496K, reserved 557056K
  class space    used 12661K, committed 13184K, reserved 425984K
}
Event: 92.962 GC heap before
{Heap before GC invocations=51 (full 0):
 garbage-first heap   total 355328K, used 161331K [0x0000000080000000, 0x0000000100000000)
  region size 1024K, 44 young (45056K), 3 survivors (3072K)
 Metaspace       used 90975K, committed 92032K, reserved 557056K
  class space    used 12795K, committed 13248K, reserved 425984K
}
Event: 92.968 GC heap after
{Heap after GC invocations=52 (full 0):
 garbage-first heap   total 355328K, used 127345K [0x0000000080000000, 0x0000000100000000)
  region size 1024K, 10 young (10240K), 10 survivors (10240K)
 Metaspace       used 90975K, committed 92032K, reserved 557056K
  class space    used 12795K, committed 13248K, reserved 425984K
}
Event: 97.836 GC heap before
{Heap before GC invocations=53 (full 0):
 garbage-first heap   total 355328K, used 273777K [0x0000000080000000, 0x0000000100000000)
  region size 1024K, 146 young (149504K), 10 survivors (10240K)
 Metaspace       used 94362K, committed 95680K, reserved 557056K
  class space    used 13254K, committed 13824K, reserved 425984K
}
Event: 97.850 GC heap after
{Heap after GC invocations=54 (full 0):
 garbage-first heap   total 355328K, used 158675K [0x0000000080000000, 0x0000000100000000)
  region size 1024K, 19 young (19456K), 19 survivors (19456K)
 Metaspace       used 94362K, committed 95680K, reserved 557056K
  class space    used 13254K, committed 13824K, reserved 425984K
}
Event: 97.920 GC heap before
{Heap before GC invocations=54 (full 0):
 garbage-first heap   total 355328K, used 159699K [0x0000000080000000, 0x0000000100000000)
  region size 1024K, 20 young (20480K), 19 survivors (19456K)
 Metaspace       used 94396K, committed 95680K, reserved 557056K
  class space    used 13254K, committed 13824K, reserved 425984K
}
Event: 97.927 GC heap after
{Heap after GC invocations=55 (full 0):
 garbage-first heap   total 355328K, used 159436K [0x0000000080000000, 0x0000000100000000)
  region size 1024K, 2 young (2048K), 2 survivors (2048K)
 Metaspace       used 94396K, committed 95680K, reserved 557056K
  class space    used 13254K, committed 13824K, reserved 425984K
}
Event: 99.987 GC heap before
{Heap before GC invocations=55 (full 0):
 garbage-first heap   total 355328K, used 272076K [0x0000000080000000, 0x0000000100000000)
  region size 1024K, 112 young (114688K), 2 survivors (2048K)
 Metaspace       used 98419K, committed 99840K, reserved 557056K
  class space    used 13847K, committed 14528K, reserved 425984K
}
Event: 99.996 GC heap after
{Heap after GC invocations=56 (full 0):
 garbage-first heap   total 355328K, used 168025K [0x0000000080000000, 0x0000000100000000)
  region size 1024K, 11 young (11264K), 11 survivors (11264K)
 Metaspace       used 98419K, committed 99840K, reserved 557056K
  class space    used 13847K, committed 14528K, reserved 425984K
}
Event: 102.287 GC heap before
{Heap before GC invocations=57 (full 0):
 garbage-first heap   total 355328K, used 278617K [0x0000000080000000, 0x0000000100000000)
  region size 1024K, 118 young (120832K), 11 survivors (11264K)
 Metaspace       used 99237K, committed 100736K, reserved 557056K
  class space    used 13962K, committed 14656K, reserved 425984K
}
Event: 102.419 GC heap after
{Heap after GC invocations=58 (full 0):
 garbage-first heap   total 355328K, used 192467K [0x0000000080000000, 0x0000000100000000)
  region size 1024K, 15 young (15360K), 15 survivors (15360K)
 Metaspace       used 99237K, committed 100736K, reserved 557056K
  class space    used 13962K, committed 14656K, reserved 425984K
}
Event: 102.505 GC heap before
{Heap before GC invocations=58 (full 0):
 garbage-first heap   total 355328K, used 194515K [0x0000000080000000, 0x0000000100000000)
  region size 1024K, 17 young (17408K), 15 survivors (15360K)
 Metaspace       used 99268K, committed 100800K, reserved 557056K
  class space    used 13965K, committed 14656K, reserved 425984K
}
Event: 102.536 GC heap after
{Heap after GC invocations=59 (full 0):
 garbage-first heap   total 355328K, used 194587K [0x0000000080000000, 0x0000000100000000)
  region size 1024K, 2 young (2048K), 2 survivors (2048K)
 Metaspace       used 99268K, committed 100800K, reserved 557056K
  class space    used 13965K, committed 14656K, reserved 425984K
}
Event: 104.860 GC heap before
{Heap before GC invocations=59 (full 0):
 garbage-first heap   total 355328K, used 230427K [0x0000000080000000, 0x0000000100000000)
  region size 1024K, 38 young (38912K), 2 survivors (2048K)
 Metaspace       used 99520K, committed 101120K, reserved 557056K
  class space    used 13985K, committed 14720K, reserved 425984K
}

