# JRE version: Java(TM) SE Runtime Environment (17.0.9+11) (build 17.0.9+11-LTS-201)
# Java VM: Java HotSpot(TM) 64-Bit Server VM (17.0.9+11-LTS-201, mixed mode, sharing, tiered, compressed oops, compressed class ptrs, g1 gc, windows-amd64)
GC Precious Log:
 CPUs: 8 total, 8 available
 Memory: 5877M
 Large Page Support: Disabled
 NUMA Support: Disabled
 Compressed Oops: Enabled (32-bit)
 Heap Region Size: 1M
 Heap Min Capacity: 8M
 Heap Initial Capacity: 92M
 Heap Max Capacity: 2G
 Pre-touch: Disabled
 Parallel Workers: 8
 Concurrent Workers: 2
 Concurrent Refinement Workers: 8
 Periodic GC: Disabled
Heap:
 garbage-first heap   total 372736K, used 228416K [0x0000000080000000, 0x0000000100000000)
  region size 1024K, 13 young (13312K), 3 survivors (3072K)
 Metaspace       used 103784K, committed 105152K, reserved 557056K
  class space    used 14492K, committed 15168K, reserved 425984K
GC Heap History (20 events):
Event: 85.528 GC heap before
{Heap before GC invocations=86 (full 0):
 garbage-first heap   total 247808K, used 218487K [0x0000000080000000, 0x0000000100000000)
  region size 1024K, 12 young (12288K), 2 survivors (2048K)
 Metaspace       used 102640K, committed 103936K, reserved 557056K
  class space    used 14405K, committed 15040K, reserved 425984K
}
Event: 85.534 GC heap after
{Heap after GC invocations=87 (full 0):
 garbage-first heap   total 247808K, used 210002K [0x0000000080000000, 0x0000000100000000)
  region size 1024K, 2 young (2048K), 2 survivors (2048K)
 Metaspace       used 102640K, committed 103936K, reserved 557056K
  class space    used 14405K, committed 15040K, reserved 425984K
}
Event: 88.430 GC heap before
{Heap before GC invocations=87 (full 0):
 garbage-first heap   total 247808K, used 220242K [0x0000000080000000, 0x0000000100000000)
  region size 1024K, 12 young (12288K), 2 survivors (2048K)
 Metaspace       used 102765K, committed 104064K, reserved 557056K
  class space    used 14413K, committed 15040K, reserved 425984K
}
Event: 88.436 GC heap after
{Heap after GC invocations=88 (full 0):
 garbage-first heap   total 247808K, used 213181K [0x0000000080000000, 0x0000000100000000)
  region size 1024K, 2 young (2048K), 2 survivors (2048K)
 Metaspace       used 102765K, committed 104064K, reserved 557056K
  class space    used 14413K, committed 15040K, reserved 425984K
}
Event: 89.655 GC heap before
{Heap before GC invocations=88 (full 0):
 garbage-first heap   total 247808K, used 223421K [0x0000000080000000, 0x0000000100000000)
  region size 1024K, 12 young (12288K), 2 survivors (2048K)
 Metaspace       used 103024K, committed 104384K, reserved 557056K
  class space    used 14440K, committed 15104K, reserved 425984K
}
Event: 89.662 GC heap after
{Heap after GC invocations=89 (full 0):
 garbage-first heap   total 247808K, used 215543K [0x0000000080000000, 0x0000000100000000)
  region size 1024K, 2 young (2048K), 2 survivors (2048K)
 Metaspace       used 103024K, committed 104384K, reserved 557056K
  class space    used 14440K, committed 15104K, reserved 425984K
}
Event: 90.233 GC heap before
{Heap before GC invocations=89 (full 0):
 garbage-first heap   total 247808K, used 225783K [0x0000000080000000, 0x0000000100000000)
  region size 1024K, 12 young (12288K), 2 survivors (2048K)
 Metaspace       used 103273K, committed 104576K, reserved 557056K
  class space    used 14465K, committed 15104K, reserved 425984K
}
Event: 90.238 GC heap after
{Heap after GC invocations=90 (full 0):
 garbage-first heap   total 247808K, used 217468K [0x0000000080000000, 0x0000000100000000)
  region size 1024K, 2 young (2048K), 2 survivors (2048K)
 Metaspace       used 103273K, committed 104576K, reserved 557056K
  class space    used 14465K, committed 15104K, reserved 425984K
}
Event: 90.555 GC heap before
{Heap before GC invocations=90 (full 0):
 garbage-first heap   total 247808K, used 227708K [0x0000000080000000, 0x0000000100000000)
  region size 1024K, 12 young (12288K), 2 survivors (2048K)
 Metaspace       used 103427K, committed 104768K, reserved 557056K
  class space    used 14479K, committed 15104K, reserved 425984K
}
Event: 90.558 GC heap after
{Heap after GC invocations=91 (full 0):
 garbage-first heap   total 247808K, used 218545K [0x0000000080000000, 0x0000000100000000)
  region size 1024K, 2 young (2048K), 2 survivors (2048K)
 Metaspace       used 103427K, committed 104768K, reserved 557056K
  class space    used 14479K, committed 15104K, reserved 425984K
}
Event: 91.374 GC heap before
{Heap before GC invocations=91 (full 0):
 garbage-first heap   total 247808K, used 228785K [0x0000000080000000, 0x0000000100000000)
  region size 1024K, 12 young (12288K), 2 survivors (2048K)
 Metaspace       used 103499K, committed 104832K, reserved 557056K
  class space    used 14479K, committed 15104K, reserved 425984K
}
Event: 91.403 GC heap after
{Heap after GC invocations=92 (full 0):
 garbage-first heap   total 247808K, used 219375K [0x0000000080000000, 0x0000000100000000)
  region size 1024K, 2 young (2048K), 2 survivors (2048K)
 Metaspace       used 103499K, committed 104832K, reserved 557056K
  class space    used 14479K, committed 15104K, reserved 425984K
}
Event: 91.890 GC heap before
{Heap before GC invocations=92 (full 0):
 garbage-first heap   total 247808K, used 229615K [0x0000000080000000, 0x0000000100000000)
  region size 1024K, 12 young (12288K), 2 survivors (2048K)
 Metaspace       used 103553K, committed 104896K, reserved 557056K
  class space    used 14479K, committed 15104K, reserved 425984K
}
Event: 91.899 GC heap after
{Heap after GC invocations=93 (full 0):
 garbage-first heap   total 247808K, used 220308K [0x0000000080000000, 0x0000000100000000)
  region size 1024K, 2 young (2048K), 2 survivors (2048K)
 Metaspace       used 103553K, committed 104896K, reserved 557056K
  class space    used 14479K, committed 15104K, reserved 425984K
}
Event: 92.324 GC heap before
{Heap before GC invocations=93 (full 0):
 garbage-first heap   total 247808K, used 230548K [0x0000000080000000, 0x0000000100000000)
  region size 1024K, 12 young (12288K), 2 survivors (2048K)
 Metaspace       used 103604K, committed 104896K, reserved 557056K
  class space    used 14479K, committed 15104K, reserved 425984K
}
Event: 92.330 GC heap after
{Heap after GC invocations=94 (full 0):
 garbage-first heap   total 247808K, used 221373K [0x0000000080000000, 0x0000000100000000)
  region size 1024K, 2 young (2048K), 2 survivors (2048K)
 Metaspace       used 103604K, committed 104896K, reserved 557056K
  class space    used 14479K, committed 15104K, reserved 425984K
}
Event: 94.398 GC heap before
{Heap before GC invocations=95 (full 0):
 garbage-first heap   total 372736K, used 236733K [0x0000000080000000, 0x0000000100000000)
  region size 1024K, 18 young (18432K), 2 survivors (2048K)
 Metaspace       used 103655K, committed 105024K, reserved 557056K
  class space    used 14481K, committed 15168K, reserved 425984K
}
Event: 94.405 GC heap after
{Heap after GC invocations=96 (full 0):
 garbage-first heap   total 372736K, used 222836K [0x0000000080000000, 0x0000000100000000)
  region size 1024K, 3 young (3072K), 3 survivors (3072K)
 Metaspace       used 103655K, committed 105024K, reserved 557056K
  class space    used 14481K, committed 15168K, reserved 425984K
}
Event: 95.496 GC heap before
{Heap before GC invocations=96 (full 0):
 garbage-first heap   total 372736K, used 238196K [0x0000000080000000, 0x0000000100000000)
  region size 1024K, 18 young (18432K), 3 survivors (3072K)
 Metaspace       used 103705K, committed 105088K, reserved 557056K
  class space    used 14482K, committed 15168K, reserved 425984K
}
Event: 95.521 GC heap after
{Heap after GC invocations=97 (full 0):
 garbage-first heap   total 372736K, used 219200K [0x0000000080000000, 0x0000000100000000)
  region size 1024K, 3 young (3072K), 3 survivors (3072K)
 Metaspace       used 103705K, committed 105088K, reserved 557056K
  class space    used 14482K, committed 15168K, reserved 425984K
}

