# JRE version: Java(TM) SE Runtime Environment (17.0.9+11) (build 17.0.9+11-LTS-201)
# Java VM: Java HotSpot(TM) 64-Bit Server VM (17.0.9+11-LTS-201, mixed mode, sharing, tiered, compressed oops, compressed class ptrs, g1 gc, windows-amd64)
GC Precious Log:
 CPUs: 8 total, 8 available
 Memory: 5877M
 Large Page Support: Disabled
 NUMA Support: Disabled
 Compressed Oops: Enabled (32-bit)
 Heap Region Size: 1M
 Heap Min Capacity: 8M
 Heap Initial Capacity: 92M
 Heap Max Capacity: 1470M
 Pre-touch: Disabled
 Parallel Workers: 8
 Concurrent Workers: 2
 Concurrent Refinement Workers: 8
 Periodic GC: Disabled
Heap:
 garbage-first heap   total 95232K, used 47564K [0x00000000a4200000, 0x0000000100000000)
  region size 1024K, 3 young (3072K), 3 survivors (3072K)
 Metaspace       used 46229K, committed 46528K, reserved 1114112K
  class space    used 5528K, committed 5632K, reserved 1048576K
GC Heap History (20 events):
Event: 1.792 GC heap after
{Heap after GC invocations=2 (full 0):
 garbage-first heap   total 94208K, used 10516K [0x00000000a4200000, 0x0000000100000000)
  region size 1024K, 4 young (4096K), 4 survivors (4096K)
 Metaspace       used 14288K, committed 14528K, reserved 1114112K
  class space    used 1629K, committed 1728K, reserved 1048576K
}
Event: 2.596 GC heap before
{Heap before GC invocations=2 (full 0):
 garbage-first heap   total 94208K, used 39188K [0x00000000a4200000, 0x0000000100000000)
  region size 1024K, 29 young (29696K), 4 survivors (4096K)
 Metaspace       used 21245K, committed 21504K, reserved 1114112K
  class space    used 2745K, committed 2880K, reserved 1048576K
}
Event: 2.605 GC heap after
{Heap after GC invocations=3 (full 0):
 garbage-first heap   total 94208K, used 16690K [0x00000000a4200000, 0x0000000100000000)
  region size 1024K, 6 young (6144K), 6 survivors (6144K)
 Metaspace       used 21245K, committed 21504K, reserved 1114112K
  class space    used 2745K, committed 2880K, reserved 1048576K
}
Event: 4.013 GC heap before
{Heap before GC invocations=4 (full 0):
 garbage-first heap   total 61440K, used 49458K [0x00000000a4200000, 0x0000000100000000)
  region size 1024K, 36 young (36864K), 6 survivors (6144K)
 Metaspace       used 25652K, committed 25920K, reserved 1114112K
  class space    used 3454K, committed 3584K, reserved 1048576K
}
Event: 4.038 GC heap after
{Heap after GC invocations=5 (full 0):
 garbage-first heap   total 62464K, used 24329K [0x00000000a4200000, 0x0000000100000000)
  region size 1024K, 5 young (5120K), 5 survivors (5120K)
 Metaspace       used 25652K, committed 25920K, reserved 1114112K
  class space    used 3454K, committed 3584K, reserved 1048576K
}
Event: 4.109 GC heap before
{Heap before GC invocations=5 (full 0):
 garbage-first heap   total 62464K, used 24329K [0x00000000a4200000, 0x0000000100000000)
  region size 1024K, 6 young (6144K), 5 survivors (5120K)
 Metaspace       used 25873K, committed 26112K, reserved 1114112K
  class space    used 3482K, committed 3584K, reserved 1048576K
}
Event: 4.120 GC heap after
{Heap after GC invocations=6 (full 0):
 garbage-first heap   total 62464K, used 25546K [0x00000000a4200000, 0x0000000100000000)
  region size 1024K, 1 young (1024K), 1 survivors (1024K)
 Metaspace       used 25873K, committed 26112K, reserved 1114112K
  class space    used 3482K, committed 3584K, reserved 1048576K
}
Event: 5.058 GC heap before
{Heap before GC invocations=6 (full 0):
 garbage-first heap   total 62464K, used 47050K [0x00000000a4200000, 0x0000000100000000)
  region size 1024K, 22 young (22528K), 1 survivors (1024K)
 Metaspace       used 29818K, committed 30016K, reserved 1114112K
  class space    used 3891K, committed 3968K, reserved 1048576K
}
Event: 5.065 GC heap after
{Heap after GC invocations=7 (full 0):
 garbage-first heap   total 91136K, used 25465K [0x00000000a4200000, 0x0000000100000000)
  region size 1024K, 3 young (3072K), 3 survivors (3072K)
 Metaspace       used 29818K, committed 30016K, reserved 1114112K
  class space    used 3891K, committed 3968K, reserved 1048576K
}
Event: 5.736 GC heap before
{Heap before GC invocations=7 (full 0):
 garbage-first heap   total 91136K, used 50041K [0x00000000a4200000, 0x0000000100000000)
  region size 1024K, 28 young (28672K), 3 survivors (3072K)
 Metaspace       used 35760K, committed 35968K, reserved 1114112K
  class space    used 4458K, committed 4544K, reserved 1048576K
}
Event: 5.741 GC heap after
{Heap after GC invocations=8 (full 0):
 garbage-first heap   total 91136K, used 27553K [0x00000000a4200000, 0x0000000100000000)
  region size 1024K, 5 young (5120K), 5 survivors (5120K)
 Metaspace       used 35760K, committed 35968K, reserved 1114112K
  class space    used 4458K, committed 4544K, reserved 1048576K
}
Event: 6.457 GC heap before
{Heap before GC invocations=9 (full 0):
 garbage-first heap   total 91136K, used 71585K [0x00000000a4200000, 0x0000000100000000)
  region size 1024K, 45 young (46080K), 5 survivors (5120K)
 Metaspace       used 39348K, committed 39552K, reserved 1114112K
  class space    used 4864K, committed 4928K, reserved 1048576K
}
Event: 6.469 GC heap after
{Heap after GC invocations=10 (full 0):
 garbage-first heap   total 91136K, used 34089K [0x00000000a4200000, 0x0000000100000000)
  region size 1024K, 6 young (6144K), 6 survivors (6144K)
 Metaspace       used 39348K, committed 39552K, reserved 1114112K
  class space    used 4864K, committed 4928K, reserved 1048576K
}
Event: 6.474 GC heap before
{Heap before GC invocations=10 (full 0):
 garbage-first heap   total 91136K, used 35113K [0x00000000a4200000, 0x0000000100000000)
  region size 1024K, 7 young (7168K), 6 survivors (6144K)
 Metaspace       used 39348K, committed 39552K, reserved 1114112K
  class space    used 4864K, committed 4928K, reserved 1048576K
}
Event: 6.482 GC heap after
{Heap after GC invocations=11 (full 0):
 garbage-first heap   total 91136K, used 34816K [0x00000000a4200000, 0x0000000100000000)
  region size 1024K, 1 young (1024K), 1 survivors (1024K)
 Metaspace       used 39348K, committed 39552K, reserved 1114112K
  class space    used 4864K, committed 4928K, reserved 1048576K
}
Event: 7.606 GC heap before
{Heap before GC invocations=11 (full 0):
 garbage-first heap   total 91136K, used 69632K [0x00000000a4200000, 0x0000000100000000)
  region size 1024K, 35 young (35840K), 1 survivors (1024K)
 Metaspace       used 42420K, committed 42624K, reserved 1114112K
  class space    used 5123K, committed 5184K, reserved 1048576K
}
Event: 7.617 GC heap after
{Heap after GC invocations=12 (full 0):
 garbage-first heap   total 91136K, used 39936K [0x00000000a4200000, 0x0000000100000000)
  region size 1024K, 5 young (5120K), 5 survivors (5120K)
 Metaspace       used 42420K, committed 42624K, reserved 1114112K
  class space    used 5123K, committed 5184K, reserved 1048576K
}
Event: 8.150 GC heap before
{Heap before GC invocations=12 (full 0):
 garbage-first heap   total 91136K, used 69632K [0x00000000a4200000, 0x0000000100000000)
  region size 1024K, 34 young (34816K), 5 survivors (5120K)
 Metaspace       used 43042K, committed 43264K, reserved 1114112K
  class space    used 5163K, committed 5248K, reserved 1048576K
}
Event: 8.170 GC heap after
{Heap after GC invocations=13 (full 0):
 garbage-first heap   total 91136K, used 45019K [0x00000000a4200000, 0x0000000100000000)
  region size 1024K, 5 young (5120K), 5 survivors (5120K)
 Metaspace       used 43042K, committed 43264K, reserved 1114112K
  class space    used 5163K, committed 5248K, reserved 1048576K
}
Event: 8.658 GC heap before
{Heap before GC invocations=13 (full 0):
 garbage-first heap   total 91136K, used 68571K [0x00000000a4200000, 0x0000000100000000)
  region size 1024K, 29 young (29696K), 5 survivors (5120K)
 Metaspace       used 46229K, committed 46528K, reserved 1114112K
  class space    used 5528K, committed 5632K, reserved 1048576K
}

